Apr 17 01:18 : added The Ghost Inside - Get What You Give (2012)/07 White Light.mp3
Apr 17 01:18 : added The Ghost Inside - Get What You Give (2012)/01 This Is What I Know About Sacrifice.mp3
Apr 17 01:18 : added The Ghost Inside - Get What You Give (2012)/08 Thirty Three.mp3
Apr 17 01:18 : added The Ghost Inside - Get What You Give (2012)/10 Deceiver.mp3
Apr 17 01:18 : added The Ghost Inside - Get What You Give (2012)/02 Outlive.mp3
Apr 17 01:18 : added The Ghost Inside - Get What You Give (2012)/11 Test The Limits.mp3
Apr 17 01:18 : added The Ghost Inside - Get What You Give (2012)/06 Dark Horse.mp3
Apr 17 01:18 : added The Ghost Inside - Get What You Give (2012)/09 Face Value.mp3
Apr 17 01:18 : added The Ghost Inside - Get What You Give (2012)/05 The Great Unknown.mp3
Apr 17 01:18 : added The Ghost Inside - Get What You Give (2012)/03 Engine 45.mp3
Apr 17 01:18 : added The Ghost Inside - Get What You Give (2012)/04 Slipping Away.mp3
Apr 17 01:18 : added The Ghost Inside - Fury And The Fallen Ones/The Ghost Inside - 05 - The Brave.mp3
Apr 17 01:18 : added The Ghost Inside - Fury And The Fallen Ones/The Ghost Inside - 07 - Shiner.mp3
Apr 17 01:18 : added The Ghost Inside - Fury And The Fallen Ones/The Ghost Inside - 10 - Smoke And Signal Fires.mp3
Apr 17 01:18 : added The Ghost Inside - Fury And The Fallen Ones/The Ghost Inside - 09 - Inherent Youth.mp3
Apr 17 01:18 : added The Ghost Inside - Fury And The Fallen Ones/The Ghost Inside - 08 - Revolutionary (Bang The Drum).mp3
Apr 17 01:18 : added The Ghost Inside - Fury And The Fallen Ones/The Ghost Inside - 11 - The Lion War.mp3
Apr 17 01:18 : added The Ghost Inside - Fury And The Fallen Ones/The Ghost Inside - 01 - Provoke.mp3
Apr 17 01:18 : added The Ghost Inside - Fury And The Fallen Ones/The Ghost Inside - 04 - Disintegrator.mp3
Apr 17 01:18 : added The Ghost Inside - Fury And The Fallen Ones/The Ghost Inside - 03 - Faith Or Forgiveness.mp3
Apr 17 01:18 : added The Ghost Inside - Fury And The Fallen Ones/The Ghost Inside - 06 - Siren Song.mp3
Apr 17 01:18 : added The Ghost Inside - Fury And The Fallen Ones/The Ghost Inside - 02 - Destined.mp3
Apr 17 01:18 : added The Ghost Inside - Fury And The Fallen Ones/The Ghost Inside - 12 - Blue And Gold.mp3
Apr 17 01:18 : added Returners/10 Through The Cracks.m4a
Apr 17 01:18 : added Returners/05 Overlooked.m4a
Apr 17 01:18 : added Returners/08 Downbeat.m4a
Apr 17 01:18 : added Returners/03 Between The Lines.m4a
Apr 17 01:18 : added Returners/02 Greater Distance.m4a
Apr 17 01:18 : added Returners/11 Truth And Temper.m4a
Apr 17 01:18 : added Returners/07 The Conflict.m4a
Apr 17 01:18 : added Returners/01 Walk Away From The World.m4a
Apr 17 01:18 : added Returners/06 Chrono.m4a
Apr 17 01:18 : added Returners/09 The Returner.m4a
Apr 17 01:18 : added Returners/04 Unspoken.m4a
Apr 17 01:27 : player_thread: played "The Ghost Inside - Get What You Give (2012)/02 Outlive.mp3"
Apr 17 01:32 : player_thread: played "The Ghost Inside - Get What You Give (2012)/03 Engine 45.mp3"
Apr 17 01:35 : player_thread: played "The Ghost Inside - Get What You Give (2012)/04 Slipping Away.mp3"
Apr 17 01:38 : player_thread: played "The Ghost Inside - Get What You Give (2012)/05 The Great Unknown.mp3"
Apr 17 01:41 : player_thread: played "The Ghost Inside - Get What You Give (2012)/06 Dark Horse.mp3"
Apr 17 01:51 : player_thread: played "The Ghost Inside - Get What You Give (2012)/07 White Light.mp3"
Apr 17 01:54 : player_thread: played "The Ghost Inside - Get What You Give (2012)/08 Thirty Three.mp3"
Apr 17 01:58 : player_thread: played "The Ghost Inside - Get What You Give (2012)/09 Face Value.mp3"
Apr 17 02:01 : player_thread: played "The Ghost Inside - Get What You Give (2012)/10 Deceiver.mp3"
Apr 17 02:05 : player_thread: played "The Ghost Inside - Get What You Give (2012)/11 Test The Limits.mp3"
Apr 17 02:07 : player_thread: played "Returners/01 Walk Away From The World.m4a"
Apr 17 02:09 : player_thread: played "Returners/02 Greater Distance.m4a"
Apr 17 02:12 : player_thread: played "Returners/03 Between The Lines.m4a"
Apr 18 22:47 : player_thread: played "Returners/03 Between The Lines.m4a"
Apr 18 22:50 : player_thread: played "Returners/04 Unspoken.m4a"
Apr 18 22:54 : player_thread: played "Returners/05 Overlooked.m4a"
Apr 18 22:57 : player_thread: played "Returners/06 Chrono.m4a"
Apr 18 23:01 : player_thread: played "Returners/07 The Conflict.m4a"
Apr 18 23:04 : player_thread: played "Returners/08 Downbeat.m4a"
Apr 18 23:05 : player_thread: played "Returners/09 The Returner.m4a"
Apr 18 23:09 : player_thread: played "Returners/10 Through The Cracks.m4a"
Apr 18 23:17 : player_thread: played "Returners/11 Truth And Temper.m4a"
Apr 18 23:20 : player_thread: played "The Ghost Inside - Fury And The Fallen Ones/The Ghost Inside - 01 - Provoke.mp3"
Apr 18 23:22 : player_thread: played "The Ghost Inside - Fury And The Fallen Ones/The Ghost Inside - 02 - Destined.mp3"
Apr 18 23:25 : player_thread: played "The Ghost Inside - Fury And The Fallen Ones/The Ghost Inside - 03 - Faith Or Forgiveness.mp3"
Apr 18 23:28 : player_thread: played "The Ghost Inside - Fury And The Fallen Ones/The Ghost Inside - 04 - Disintegrator.mp3"
Apr 19 22:59 : player_thread: played "The Ghost Inside - Fury And The Fallen Ones/The Ghost Inside - 05 - The Brave.mp3"
Apr 19 23:02 : player_thread: played "The Ghost Inside - Fury And The Fallen Ones/The Ghost Inside - 06 - Siren Song.mp3"
Apr 19 23:05 : player_thread: played "The Ghost Inside - Fury And The Fallen Ones/The Ghost Inside - 07 - Shiner.mp3"
Apr 19 23:09 : player_thread: played "The Ghost Inside - Fury And The Fallen Ones/The Ghost Inside - 08 - Revolutionary (Bang The Drum).mp3"
Apr 19 23:11 : player_thread: played "The Ghost Inside - Fury And The Fallen Ones/The Ghost Inside - 09 - Inherent Youth.mp3"
Apr 19 23:14 : player_thread: played "The Ghost Inside - Fury And The Fallen Ones/The Ghost Inside - 10 - Smoke And Signal Fires.mp3"
Apr 19 23:16 : player_thread: played "The Ghost Inside - Fury And The Fallen Ones/The Ghost Inside - 11 - The Lion War.mp3"
Apr 19 23:19 : player_thread: played "The Ghost Inside - Fury And The Fallen Ones/The Ghost Inside - 12 - Blue And Gold.mp3"
Apr 19 23:22 : player_thread: played "The Ghost Inside - Fury And The Fallen Ones/The Ghost Inside - 01 - Provoke.mp3"
Apr 19 23:24 : player_thread: played "The Ghost Inside - Fury And The Fallen Ones/The Ghost Inside - 02 - Destined.mp3"
Apr 19 23:27 : player_thread: played "The Ghost Inside - Fury And The Fallen Ones/The Ghost Inside - 03 - Faith Or Forgiveness.mp3"
Apr 19 23:30 : player_thread: played "The Ghost Inside - Fury And The Fallen Ones/The Ghost Inside - 04 - Disintegrator.mp3"
Apr 19 23:34 : player_thread: played "The Ghost Inside - Fury And The Fallen Ones/The Ghost Inside - 05 - The Brave.mp3"
Apr 19 23:37 : player_thread: played "The Ghost Inside - Fury And The Fallen Ones/The Ghost Inside - 06 - Siren Song.mp3"
Apr 19 23:41 : player_thread: played "The Ghost Inside - Fury And The Fallen Ones/The Ghost Inside - 07 - Shiner.mp3"
Apr 19 23:44 : player_thread: played "The Ghost Inside - Fury And The Fallen Ones/The Ghost Inside - 08 - Revolutionary (Bang The Drum).mp3"
Apr 19 23:47 : player_thread: played "The Ghost Inside - Fury And The Fallen Ones/The Ghost Inside - 09 - Inherent Youth.mp3"
Apr 19 23:49 : player_thread: played "The Ghost Inside - Fury And The Fallen Ones/The Ghost Inside - 10 - Smoke And Signal Fires.mp3"
Apr 19 23:51 : player_thread: played "The Ghost Inside - Fury And The Fallen Ones/The Ghost Inside - 11 - The Lion War.mp3"
Apr 19 23:55 : player_thread: played "The Ghost Inside - Fury And The Fallen Ones/The Ghost Inside - 12 - Blue And Gold.mp3"
Apr 19 23:56 : player_thread: played "Returners/01 Walk Away From The World.m4a"
Apr 19 23:58 : player_thread: played "Returners/02 Greater Distance.m4a"
Apr 20 00:02 : player_thread: played "Returners/03 Between The Lines.m4a"
Apr 20 00:06 : player_thread: played "Returners/04 Unspoken.m4a"
Apr 20 00:09 : player_thread: played "Returners/05 Overlooked.m4a"
Apr 20 00:12 : player_thread: played "Returners/06 Chrono.m4a"
Apr 20 23:25 : player_thread: played "Returners/07 The Conflict.m4a"
Apr 20 23:28 : player_thread: played "Returners/08 Downbeat.m4a"
Apr 20 23:29 : player_thread: played "Returners/09 The Returner.m4a"
Apr 20 23:32 : player_thread: played "Returners/10 Through The Cracks.m4a"
Apr 20 23:39 : player_thread: played "The Ghost Inside - Get What You Give (2012)/01 This Is What I Know About Sacrifice.mp3"
Apr 20 23:42 : player_thread: played "The Ghost Inside - Get What You Give (2012)/02 Outlive.mp3"
Apr 20 23:46 : player_thread: played "The Ghost Inside - Get What You Give (2012)/03 Engine 45.mp3"
Apr 20 23:49 : player_thread: played "The Ghost Inside - Get What You Give (2012)/04 Slipping Away.mp3"
Apr 20 23:52 : player_thread: played "The Ghost Inside - Get What You Give (2012)/05 The Great Unknown.mp3"
Apr 20 23:56 : player_thread: played "The Ghost Inside - Get What You Give (2012)/06 Dark Horse.mp3"
Apr 21 00:01 : player_thread: played "The Ghost Inside - Get What You Give (2012)/07 White Light.mp3"
Apr 21 00:04 : player_thread: played "The Ghost Inside - Get What You Give (2012)/08 Thirty Three.mp3"
Apr 21 00:08 : player_thread: played "The Ghost Inside - Get What You Give (2012)/09 Face Value.mp3"
Apr 21 00:11 : player_thread: played "The Ghost Inside - Get What You Give (2012)/10 Deceiver.mp3"
Apr 21 00:17 : player_thread: played "The Ghost Inside - Get What You Give (2012)/01 This Is What I Know About Sacrifice.mp3"
Apr 21 00:19 : player_thread: played "The Ghost Inside - Get What You Give (2012)/02 Outlive.mp3"
Apr 21 00:24 : player_thread: played "The Ghost Inside - Get What You Give (2012)/03 Engine 45.mp3"
Apr 21 00:27 : player_thread: played "The Ghost Inside - Get What You Give (2012)/04 Slipping Away.mp3"
Apr 21 00:30 : player_thread: played "The Ghost Inside - Get What You Give (2012)/05 The Great Unknown.mp3"
Apr 21 00:33 : player_thread: played "The Ghost Inside - Get What You Give (2012)/06 Dark Horse.mp3"
Apr 21 00:38 : player_thread: played "The Ghost Inside - Get What You Give (2012)/07 White Light.mp3"
Apr 22 13:01 : player_thread: played "The Ghost Inside - Get What You Give (2012)/08 Thirty Three.mp3"
Apr 22 13:05 : player_thread: played "The Ghost Inside - Get What You Give (2012)/09 Face Value.mp3"
Apr 22 13:08 : player_thread: played "The Ghost Inside - Get What You Give (2012)/10 Deceiver.mp3"
Apr 22 13:12 : player_thread: played "The Ghost Inside - Get What You Give (2012)/11 Test The Limits.mp3"
Apr 22 13:14 : player_thread: played "Returners/01 Walk Away From The World.m4a"
Apr 22 13:16 : player_thread: played "Returners/02 Greater Distance.m4a"
Apr 22 13:20 : player_thread: played "Returners/03 Between The Lines.m4a"
Apr 22 13:23 : player_thread: played "Returners/04 Unspoken.m4a"
Apr 22 13:26 : player_thread: played "Returners/05 Overlooked.m4a"
Apr 22 13:30 : player_thread: played "Returners/06 Chrono.m4a"
Apr 22 13:34 : player_thread: played "Returners/07 The Conflict.m4a"
